<?xml version="1.0" encoding="UTF-8"?>
<testsuite name="com.sai.nexusartifactory.NexusArtifactoryApplicationTests" tests="1" skipped="0" failures="0" errors="0" timestamp="2023-02-21T20:07:19" hostname="MBP-C02F5ASXMD6M" time="0.405">
  <properties/>
  <testcase name="contextLoads()" classname="com.sai.nexusartifactory.NexusArtifactoryApplicationTests" time="0.405"/>
  <system-out><![CDATA[01:37:17.712 [Test worker] DEBUG org.springframework.boot.test.context.SpringBootTestContextBootstrapper - Neither @ContextConfiguration nor @ContextHierarchy found for test class [NexusArtifactoryApplicationTests]: using SpringBootContextLoader
01:37:17.718 [Test worker] DEBUG org.springframework.test.context.support.AbstractContextLoader - Could not detect default resource locations for test class [com.sai.nexusartifactory.NexusArtifactoryApplicationTests]: no resource found for suffixes {-context.xml, Context.groovy}.
01:37:17.719 [Test worker] INFO org.springframework.test.context.support.AnnotationConfigContextLoaderUtils - Could not detect default configuration classes for test class [com.sai.nexusartifactory.NexusArtifactoryApplicationTests]: NexusArtifactoryApplicationTests does not declare any static, non-private, non-final, nested classes annotated with @Configuration.
01:37:17.742 [Test worker] DEBUG org.springframework.boot.test.context.SpringBootTestContextBootstrapper - Using ContextCustomizers for test class [NexusArtifactoryApplicationTests]: [DisableObservabilityContextCustomizer, PropertyMappingContextCustomizer, Customizer, ExcludeFilterContextCustomizer, DuplicateJsonObjectContextCustomizer, MockitoContextCustomizer, TestRestTemplateContextCustomizer]
01:37:17.799 [Test worker] DEBUG org.springframework.context.annotation.ClassPathScanningCandidateComponentProvider - Identified candidate component class: file [/Users/saiashish/Desktop/sai/projects/nexus-artifactory/build/classes/java/main/com/sai/nexusartifactory/NexusArtifactoryApplication.class]
01:37:17.801 [Test worker] INFO org.springframework.boot.test.context.SpringBootTestContextBootstrapper - Found @SpringBootConfiguration com.sai.nexusartifactory.NexusArtifactoryApplication for test class com.sai.nexusartifactory.NexusArtifactoryApplicationTests
01:37:17.884 [Test worker] DEBUG org.springframework.test.context.util.TestContextSpringFactoriesUtils - Skipping candidate TestExecutionListener [org.springframework.test.context.transaction.TransactionalTestExecutionListener] due to a missing dependency. Specify custom TestExecutionListener classes or make the default TestExecutionListener classes and their required dependencies available. Offending class: [org/springframework/transaction/interceptor/TransactionAttributeSource]
01:37:17.886 [Test worker] DEBUG org.springframework.test.context.util.TestContextSpringFactoriesUtils - Skipping candidate TestExecutionListener [org.springframework.test.context.jdbc.SqlScriptsTestExecutionListener] due to a missing dependency. Specify custom TestExecutionListener classes or make the default TestExecutionListener classes and their required dependencies available. Offending class: [org/springframework/transaction/interceptor/TransactionAttribute]
01:37:17.888 [Test worker] DEBUG org.springframework.boot.test.context.SpringBootTestContextBootstrapper - Using TestExecutionListeners for test class [NexusArtifactoryApplicationTests]: [ServletTestExecutionListener, DirtiesContextBeforeModesTestExecutionListener, ApplicationEventsTestExecutionListener, MockitoTestExecutionListener, DependencyInjectionTestExecutionListener, DirtiesContextTestExecutionListener, EventPublishingTestExecutionListener, RestDocsTestExecutionListener, MockRestServiceServerResetTestExecutionListener, MockMvcPrintOnlyOnFailureTestExecutionListener, WebDriverTestExecutionListener, MockWebServiceServerTestExecutionListener, ResetMocksTestExecutionListener]
01:37:17.890 [Test worker] DEBUG org.springframework.test.context.support.AbstractDirtiesContextTestExecutionListener - Before test class: class [NexusArtifactoryApplicationTests], class annotated with @DirtiesContext [false] with mode [null]

  .   ____          _            __ _ _
 /\\ / ___'_ __ _ _(_)_ __  __ _ \ \ \ \
( ( )\___ | '_ | '_| | '_ \/ _` | \ \ \ \
 \\/  ___)| |_)| | | | | || (_| |  ) ) ) )
  '  |____| .__|_| |_|_| |_\__, | / / / /
 =========|_|==============|___/=/_/_/_/
 :: Spring Boot ::                (v3.0.2)

2023-02-22T01:37:18.161+05:30  INFO 11292 --- [    Test worker] c.s.n.NexusArtifactoryApplicationTests   : Starting NexusArtifactoryApplicationTests using Java 17.0.5 with PID 11292 (started by saiashish in /Users/saiashish/Desktop/sai/projects/nexus-artifactory)
2023-02-22T01:37:18.163+05:30  INFO 11292 --- [    Test worker] c.s.n.NexusArtifactoryApplicationTests   : No active profile set, falling back to 1 default profile: "default"
2023-02-22T01:37:19.104+05:30  INFO 11292 --- [    Test worker] c.s.n.NexusArtifactoryApplicationTests   : Started NexusArtifactoryApplicationTests in 1.167 seconds (process running for 2.145)
]]></system-out>
  <system-err><![CDATA[]]></system-err>
</testsuite>
